2025-06-03 00:41:05 - WARNING - trader_simulado - 🚫 [BTC/EUR] Entrada bloqueada: puntaje 5.80 < umbral 10.10
2025-06-03 00:41:05 - WARNING - trader_simulado - 🟢 ORDEN SIMULADA ETH/EUR COMPRA a 2254.82 | SL: 2242.351429 | TP: 2270.405714
2025-06-03 00:41:05 - WARNING - trader_simulado - 🚫 [ADA/EUR] Entrada bloqueada: puntaje 11.60 < umbral 12.08
2025-06-03 00:42:04 - WARNING - trader_simulado - 🚫 [BTC/EUR] Entrada bloqueada: puntaje 5.80 < umbral 10.10
2025-06-03 00:42:04 - WARNING - trader_simulado - 🚫 [ADA/EUR] Entrada bloqueada: puntaje 7.10 < umbral 12.08
2025-06-03 00:43:04 - WARNING - trader_simulado - 🚫 [BTC/EUR] Entrada bloqueada: puntaje 5.80 < umbral 10.10
2025-06-03 00:43:04 - WARNING - trader_simulado - 🚫 [ADA/EUR] Entrada bloqueada: puntaje 7.10 < umbral 12.08
2025-06-03 00:44:04 - WARNING - trader_simulado - 🚫 [BTC/EUR] Entrada bloqueada: puntaje 7.00 < umbral 10.10
2025-06-03 00:44:04 - WARNING - trader_simulado - 🚫 [ADA/EUR] Entrada bloqueada: puntaje 3.20 < umbral 12.08
2025-06-03 00:45:04 - WARNING - trader_simulado - 🚫 [BTC/EUR] Entrada bloqueada: puntaje 6.20 < umbral 10.10
2025-06-03 00:45:04 - WARNING - trader_simulado - 🚫 [ADA/EUR] Entrada bloqueada: puntaje 3.20 < umbral 12.08
2025-06-03 00:46:04 - WARNING - trader_simulado - 🚫 [BTC/EUR] Entrada bloqueada: puntaje 3.70 < umbral 10.10
2025-06-03 00:46:04 - WARNING - trader_simulado - 🚫 [ADA/EUR] Entrada bloqueada: puntaje 7.50 < umbral 12.08
2025-06-03 00:47:04 - WARNING - trader_simulado - 🚫 [BTC/EUR] Entrada bloqueada: puntaje 3.70 < umbral 10.10
2025-06-03 00:47:04 - WARNING - trader_simulado - 🚫 [ADA/EUR] Entrada bloqueada: puntaje 3.20 < umbral 12.08
2025-06-03 00:48:04 - WARNING - trader_simulado - 🚫 [BTC/EUR] Entrada bloqueada: puntaje 3.70 < umbral 10.10
2025-06-03 00:48:04 - WARNING - trader_simulado - 🚫 [ADA/EUR] Entrada bloqueada: puntaje 7.70 < umbral 12.08
2025-06-03 00:49:04 - WARNING - trader_simulado - 🚫 [BTC/EUR] Entrada bloqueada: puntaje 7.00 < umbral 10.10
2025-06-03 00:49:04 - WARNING - trader_simulado - 🚫 [ADA/EUR] Entrada bloqueada: puntaje 12.00 < umbral 12.08
2025-06-03 00:50:04 - WARNING - trader_simulado - 🚫 [BTC/EUR] Entrada bloqueada: puntaje 6.50 < umbral 8.58
2025-06-03 00:50:04 - WARNING - trader_simulado - 🚫 [ADA/EUR] Entrada bloqueada por peso o diversidad insuficiente
2025-06-03 00:51:04 - WARNING - trader_simulado - 🚫 [BTC/EUR] Entrada bloqueada: puntaje 3.70 < umbral 8.58
2025-06-03 00:51:04 - WARNING - trader_simulado - 🚫 [ADA/EUR] Entrada bloqueada: puntaje 3.20 < umbral 10.17
2025-06-03 00:52:04 - WARNING - trader_simulado - 🚫 [BTC/EUR] Entrada bloqueada: puntaje 3.70 < umbral 8.58
2025-06-03 00:52:04 - WARNING - trader_simulado - 🚫 [ADA/EUR] Entrada bloqueada: puntaje 3.20 < umbral 12.08
2025-06-03 00:53:04 - WARNING - trader_simulado - 🚫 [BTC/EUR] Entrada bloqueada: puntaje 7.00 < umbral 8.58
2025-06-03 00:53:04 - WARNING - trader_simulado - 🚫 [ADA/EUR] Entrada bloqueada: puntaje 12.00 < umbral 12.08
2025-06-03 00:54:04 - WARNING - trader_simulado - 🚫 [BTC/EUR] Entrada bloqueada: puntaje 3.70 < umbral 8.58
2025-06-03 00:54:04 - WARNING - trader_simulado - 🚫 [ADA/EUR] Entrada bloqueada: puntaje 7.10 < umbral 12.08
2025-06-03 00:55:04 - WARNING - trader_simulado - 🚫 [BTC/EUR] Entrada bloqueada: puntaje 5.20 < umbral 8.58
2025-06-03 00:55:04 - WARNING - trader_simulado - 🟢 ORDEN SIMULADA ADA/EUR COMPRA a 0.6012 | SL: 0.600407 | TP: 0.602257
2025-06-03 00:56:04 - WARNING - trader_simulado - 🚫 [BTC/EUR] Entrada bloqueada: puntaje 3.70 < umbral 8.58
2025-06-03 00:57:04 - WARNING - trader_simulado - 🚫 [BTC/EUR] Entrada bloqueada: puntaje 3.70 < umbral 8.58
2025-06-03 00:58:04 - WARNING - trader_simulado - 🚫 [BTC/EUR] Entrada bloqueada: puntaje 3.70 < umbral 8.58
2025-06-03 00:59:04 - WARNING - trader_simulado - 🚫 [BTC/EUR] Entrada bloqueada: puntaje 3.70 < umbral 10.10
2025-06-03 01:00:04 - WARNING - trader_simulado - 🚫 [BTC/EUR] Entrada bloqueada: puntaje 7.00 < umbral 10.10
2025-06-03 01:01:04 - WARNING - trader_simulado - 🚫 [BTC/EUR] Entrada bloqueada: puntaje 6.70 < umbral 10.10
2025-06-03 01:02:04 - WARNING - trader_simulado - 🚫 [BTC/EUR] Entrada bloqueada: puntaje 6.70 < umbral 10.10
2025-06-03 01:03:04 - WARNING - trader_simulado - 🟢 ORDEN SIMULADA BTC/EUR COMPRA a 92461.51 | SL: 92384.755714 | TP: 92615.018571
2025-06-03 01:04:04 - WARNING - trader_simulado - 📤 ORDEN SIMULADA CERRADA ADA/EUR a 0.60 | Motivo: Take Profit
2025-06-03 01:05:04 - WARNING - trader_simulado - 📤 ORDEN SIMULADA CERRADA ETH/EUR a 2270.41 | Motivo: Take Profit
2025-06-03 01:06:04 - WARNING - trader_simulado - 📤 ORDEN SIMULADA CERRADA BTC/EUR a 92384.76 | Motivo: Stop Loss
2025-06-03 01:12:04 - WARNING - trader_simulado - 🚫 [ETH/EUR] Entrada bloqueada: puntaje 7.95 < umbral 8.54
2025-06-03 01:13:04 - WARNING - trader_simulado - 🚫 [ETH/EUR] Entrada bloqueada: puntaje 7.95 < umbral 8.54
2025-06-03 01:14:04 - WARNING - trader_simulado - 🟢 ORDEN SIMULADA ETH/EUR COMPRA a 2269.3 | SL: 2252.868571 | TP: 2289.839286
2025-06-03 01:19:04 - WARNING - trader_simulado - 🚫 [BTC/EUR] Entrada bloqueada: puntaje 9.50 < umbral 10.10
2025-06-03 01:19:04 - WARNING - trader_simulado - 🚫 [ADA/EUR] Entrada bloqueada: puntaje 3.20 < umbral 12.08
2025-06-03 01:20:04 - WARNING - trader_simulado - 🚫 [BTC/EUR] Entrada bloqueada: puntaje 3.70 < umbral 10.10
2025-06-03 01:20:04 - WARNING - trader_simulado - 🚫 [ADA/EUR] Entrada bloqueada: puntaje 3.20 < umbral 12.08
2025-06-03 01:21:04 - WARNING - trader_simulado - 🚫 [BTC/EUR] Entrada bloqueada: puntaje 6.50 < umbral 8.58
2025-06-03 01:21:04 - WARNING - trader_simulado - 🚫 [ADA/EUR] Entrada rechazada por persistencia insuficiente y puntaje débil
2025-06-03 01:22:04 - WARNING - trader_simulado - 🚫 [BTC/EUR] Entrada bloqueada por peso o diversidad insuficiente
2025-06-03 01:22:04 - WARNING - trader_simulado - 🚫 [ADA/EUR] Entrada bloqueada: puntaje 7.50 < umbral 10.17
2025-06-03 01:23:04 - WARNING - trader_simulado - 🚫 [BTC/EUR] Entrada bloqueada: puntaje 5.80 < umbral 8.58
2025-06-03 01:23:04 - WARNING - trader_simulado - 🚫 [ADA/EUR] Entrada bloqueada: puntaje 3.20 < umbral 10.17
2025-06-03 01:24:04 - WARNING - trader_simulado - 🚫 [BTC/EUR] Entrada bloqueada: puntaje 3.70 < umbral 8.58
2025-06-03 01:24:04 - WARNING - trader_simulado - 🚫 [ADA/EUR] Entrada bloqueada: puntaje 3.20 < umbral 10.17
2025-06-03 01:25:04 - WARNING - trader_simulado - 🟢 ORDEN SIMULADA BTC/EUR COMPRA a 92547.92 | SL: 92474.067143 | TP: 92695.625714
2025-06-03 01:25:04 - WARNING - trader_simulado - 🟢 ORDEN SIMULADA ADA/EUR COMPRA a 0.6038 | SL: 0.602343 | TP: 0.605743
2025-06-03 01:27:04 - WARNING - trader_simulado - 🛡️ [BTC/EUR] SL evitado — SL no alcanzado aún (precio: 92491.86 > SL: 92474.07)
2025-06-03 01:28:04 - WARNING - trader_simulado - 📤 ORDEN SIMULADA CERRADA BTC/EUR a 92474.07 | Motivo: Stop Loss
2025-06-03 01:33:04 - WARNING - trader_simulado - 🛡️ [ADA/EUR] SL evitado — SL no alcanzado aún (precio: 0.60 > SL: 0.60)
2025-06-03 01:34:04 - WARNING - trader_simulado - 📤 ORDEN SIMULADA CERRADA ADA/EUR a 0.60 | Motivo: Stop Loss
2025-06-03 01:41:04 - WARNING - trader_simulado - 🟢 ORDEN SIMULADA BTC/EUR COMPRA a 92492.26 | SL: 92418.187143 | TP: 92640.405714
2025-06-03 01:50:04 - WARNING - trader_simulado - 🟢 ORDEN SIMULADA ADA/EUR COMPRA a 0.6028 | SL: 0.601729 | TP: 0.604229
2025-06-03 01:55:04 - WARNING - trader_simulado - 🛡️ [ADA/EUR] SL evitado — SL no alcanzado aún (precio: 0.60 > SL: 0.60)
2025-06-03 02:01:04 - WARNING - trader_simulado - 📤 ORDEN SIMULADA CERRADA BTC/EUR a 92418.19 | Motivo: Stop Loss
2025-06-03 02:03:04 - WARNING - trader_simulado - 📤 ORDEN SIMULADA CERRADA ADA/EUR a 0.60 | Motivo: Stop Loss
2025-06-03 02:14:04 - WARNING - trader_simulado - 🟢 ORDEN SIMULADA BTC/EUR COMPRA a 92747.62 | SL: 92628.677143 | TP: 92985.505714
2025-06-03 02:17:04 - WARNING - trader_simulado - 📤 ORDEN SIMULADA CERRADA ETH/EUR a 2289.84 | Motivo: Take Profit
2025-06-03 02:19:04 - WARNING - trader_simulado - 🟢 ORDEN SIMULADA ADA/EUR COMPRA a 0.6083 | SL: 0.60575 | TP: 0.6117
2025-06-03 02:22:04 - WARNING - trader_simulado - 📤 ORDEN SIMULADA CERRADA BTC/EUR a 92985.51 | Motivo: Take Profit
2025-06-03 02:24:04 - WARNING - trader_simulado - 🚫 [ETH/EUR] Entrada bloqueada: puntaje 7.95 < umbral 8.54
2025-06-03 02:25:04 - WARNING - trader_simulado - 🚫 [ETH/EUR] Entrada rechazada por persistencia insuficiente y puntaje débil
2025-06-03 02:26:04 - WARNING - trader_simulado - 🚫 [ETH/EUR] Entrada bloqueada: puntaje 7.95 < umbral 10.08
2025-06-03 02:27:04 - WARNING - trader_simulado - 🟢 ORDEN SIMULADA ETH/EUR COMPRA a 2289.0 | SL: 2276.291429 | TP: 2304.885714
2025-06-03 02:35:04 - WARNING - trader_simulado - 🟢 ORDEN SIMULADA BTC/EUR COMPRA a 92916.72 | SL: 92764.534286 | TP: 93221.091429
2025-06-03 03:03:04 - WARNING - trader_simulado - 📤 ORDEN SIMULADA CERRADA ADA/EUR a 0.61 | Motivo: Take Profit
2025-06-03 03:19:04 - WARNING - trader_simulado - 🚫 [ADA/EUR] Entrada bloqueada: puntaje 4.70 < umbral 12.08
2025-06-03 03:20:04 - WARNING - trader_simulado - 🚫 [ADA/EUR] Entrada rechazada por persistencia insuficiente y puntaje débil
2025-06-03 03:21:04 - WARNING - trader_simulado - 🟢 ORDEN SIMULADA ADA/EUR COMPRA a 0.6117 | SL: 0.609921 | TP: 0.614071
2025-06-03 03:36:04 - WARNING - trader_simulado - 📤 ORDEN SIMULADA CERRADA ETH/EUR a 2304.89 | Motivo: Take Profit
2025-06-03 03:43:04 - WARNING - trader_simulado - 🟢 ORDEN SIMULADA ETH/EUR COMPRA a 2311.08 | SL: 2299.151429 | TP: 2325.990714
2025-06-03 03:47:04 - WARNING - trader_simulado - 📤 ORDEN SIMULADA CERRADA ADA/EUR a 0.61 | Motivo: Take Profit
2025-06-03 04:00:04 - WARNING - trader_simulado - 📤 ORDEN SIMULADA CERRADA BTC/EUR a 93221.09 | Motivo: Take Profit
2025-06-03 04:02:04 - WARNING - trader_simulado - 🟢 ORDEN SIMULADA ADA/EUR COMPRA a 0.6162 | SL: 0.614721 | TP: 0.618171
2025-06-03 04:04:04 - WARNING - trader_simulado - 📤 ORDEN SIMULADA CERRADA ADA/EUR a 0.62 | Motivo: Take Profit
2025-06-03 04:13:04 - WARNING - trader_simulado - 🚫 [BTC/EUR] Entrada bloqueada: puntaje 8.23 < umbral 10.08
2025-06-03 04:14:04 - WARNING - trader_simulado - 🚫 [BTC/EUR] Entrada bloqueada: puntaje 8.23 < umbral 10.08
2025-06-03 04:15:04 - WARNING - trader_simulado - 🚫 [BTC/EUR] Entrada bloqueada: puntaje 8.23 < umbral 10.08
2025-06-03 04:16:04 - WARNING - trader_simulado - 🟢 ORDEN SIMULADA BTC/EUR COMPRA a 93016.75 | SL: 92945.387143 | TP: 93159.475714
2025-06-03 04:18:04 - WARNING - trader_simulado - 📤 ORDEN SIMULADA CERRADA BTC/EUR a 92945.39 | Motivo: Stop Loss
2025-06-03 04:19:04 - WARNING - trader_simulado - 🟢 ORDEN SIMULADA ADA/EUR COMPRA a 0.6149 | SL: 0.612736 | TP: 0.617786
